BEGM v1.3.3.0
E:\BEGameMonitor\BEGameMonitor\bin\Debug\BEGameMonitor.exe
Log created at Sat, 30 Oct 2021 17:11:03 GMT+01:00

[17:11] Setting language to English
[17:11] Loading hires map plugin... OK
[17:11] Initialising network manager... OK
[17:11] Loading settings... OK
[17:11] Using server wiretap.wwiionline.com (IE proxy)
[17:11] Restoring widget order... OK
[17:11] Checking for updated metadata:
[17:11]   cplist.xml: recently checked, skipping
[17:11]   facilitylist.xml: recently checked, skipping
[17:11]   links.xml: recently checked, skipping
[17:11]   vehcat.xml: recently checked, skipping
[17:11]   vehclass.xml: recently checked, skipping
[17:11]   vehicles.xml: recently checked, skipping
[17:11]   toes.list.xml: recently checked, skipping
[17:11]   toes.sheet.xml: recently checked, skipping
[17:11]   hcunitlist.xml: recently checked, skipping
[17:11]   moveresults.xml: recently checked, skipping
[17:11]   config.xml: recently checked, skipping
[17:11] Parsing metafiles:
[17:11]   cplist.xml... OK
[17:11]   facilitylist.xml... OK
[17:11]   links.xml... OK
[17:11]   vehcat.xml... OK
[17:11]   vehclass.xml... OK
[17:11]   vehicles.xml... OK
[17:11]   toes.list.xml... OK
[17:11]   toes.sheet.xml... OK
[17:11]   hcunitlist.xml... OK
[17:11]   moveresults.xml... OK
[17:11]   config.xml... OK
[17:11] Downloading and parsing init files:
[17:11]   cps.xml... OK
[17:11]   captures.xml... OK
[17:11]   hclocationsext.xml... OK
[17:11]   hcmovereq.xml... OK
[17:11]   hcmoves.xml... OK
[17:11]   openfbs.xml... OK
[17:11]   deathmap.1h.xml... OK
[17:11]   deathmap.5m.xml... OK
[17:11]   servers.xml... OK
[17:11]   factorystats.xml... OK
[17:11]   factorylog.xml... OK
[17:11]   rdp.xml... OK
[17:11] Initialising widgets:
[17:11]   ServerStatus... OK
[17:11]   RecentEvents... OK
[17:11]   CurrentAttacks... OK
[17:11]   TownStatus... OK
[17:11]   GameMap...
[17:11] Frontline draw: 0.3986056 seconds OK
[17:11]   FactoryStatus... OK
[17:11]   OrderOfBattle... OK
[17:11]   BrigadeStatus... OK
[17:11]   Equipment... OK
[17:11] Restoring widget state... OK
[17:11] BEGM initialisation successful
[17:11] Frontline draw: 0.4465459 seconds