BEGM v1.3.3.0
E:\BEGameMonitor\BEGameMonitor\bin\Release\BEGameMonitor.exe
Log created at Thu, 28 Oct 2021 21:31:37 GMT+01:00

[21:31] Setting language to English
[21:31] Loading hires map plugin... OK
[21:31] Initialising network manager... OK
[21:31] Loading settings... OK
[21:31] Using server wiretap.wwiionline.com (IE proxy)
[21:31] Restoring widget order... OK
[21:31] Checking for updated metadata:
[21:31]   cplist.xml: recently checked, skipping
[21:31]   facilitylist.xml: recently checked, skipping
[21:31]   links.xml: recently checked, skipping
[21:31]   vehcat.xml: recently checked, skipping
[21:31]   vehclass.xml: recently checked, skipping
[21:31]   vehicles.xml: recently checked, skipping
[21:31]   toes.list.xml: recently checked, skipping
[21:31]   toes.sheet.xml: recently checked, skipping
[21:31]   hcunitlist.xml: recently checked, skipping
[21:31]   moveresults.xml: recently checked, skipping
[21:31]   config.xml: recently checked, skipping
[21:31] Parsing metafiles:
[21:31]   cplist.xml... OK
[21:31]   facilitylist.xml... OK
[21:31]   links.xml... OK
[21:31]   vehcat.xml... OK
[21:31]   vehclass.xml... OK
[21:31]   vehicles.xml... OK
[21:31]   toes.list.xml... OK
[21:31]   toes.sheet.xml... OK
[21:31]   hcunitlist.xml... OK
[21:31]   moveresults.xml... OK
[21:31]   config.xml... OK
[21:31] Downloading and parsing init files:
[21:31]   cps.xml... OK
[21:31]   captures.xml... OK
[21:31]   hclocationsext.xml... OK
[21:31]   hcmovereq.xml... OK
[21:31]   hcmoves.xml... OK
[21:31]   openfbs.xml... OK
[21:31]   deathmap.1h.xml... OK
[21:31]   deathmap.5m.xml... OK
[21:31]   servers.xml... OK
[21:31]   factorystats.xml... OK
[21:31]   factorylog.xml... OK
[21:31]   rdp.xml... OK
[21:31] Initialising widgets:
[21:31]   ServerStatus... OK
[21:31]   RecentEvents... OK
[21:31]   CurrentAttacks... OK
[21:31]   TownStatus... OK
[21:31]   GameMap...