BEGM v1.3.0.0
E:\BEGameMonitor\BEGameMonitor\bin\Release\BEGameMonitor.exe
Log created at Thu, 28 Oct 2021 14:39:00 GMT+01:00

[14:39] Setting language to English
[14:39] Loading hires map plugin... OK
[14:39] Initialising network manager... OK
[14:39] Loading settings... OK
[14:39] Using server wiretap.wwiionline.com (IE proxy)
[14:39] Restoring widget order... OK
[14:39] Checking for updated metadata:
[14:39]   cplist.xml: recently checked, skipping
[14:39]   facilitylist.xml: recently checked, skipping
[14:39]   links.xml: recently checked, skipping
[14:39]   vehcat.xml: recently checked, skipping
[14:39]   vehclass.xml: recently checked, skipping
[14:39]   vehicles.xml: recently checked, skipping
[14:39]   toes.list.xml: recently checked, skipping
[14:39]   toes.sheet.xml: recently checked, skipping
[14:39]   hcunitlist.xml: recently checked, skipping
[14:39]   moveresults.xml: recently checked, skipping
[14:39]   config.xml: recently checked, skipping
[14:39] Parsing metafiles:
[14:39]   cplist.xml... OK
[14:39]   facilitylist.xml... OK
[14:39]   links.xml... OK
[14:39]   vehcat.xml... OK
[14:39]   vehclass.xml... OK
[14:39]   vehicles.xml... OK
[14:39]   toes.list.xml... OK
[14:39]   toes.sheet.xml... OK
[14:39]   hcunitlist.xml... OK
[14:39]   moveresults.xml... OK
[14:39]   config.xml... OK
[14:39] Downloading and parsing init files:
[14:39]   cps.xml... OK
[14:39]   captures.xml... OK
[14:39]   hclocationsext.xml... OK
[14:39]   hcmovereq.xml... OK
[14:39]   hcmoves.xml... OK
[14:39]   openfbs.xml... OK
[14:39]   deathmap.1h.xml... OK
[14:39]   deathmap.5m.xml... OK
[14:39]   servers.xml... OK
[14:39]   factorystats.xml... OK
[14:39]   factorylog.xml... OK
[14:39]   rdp.xml... OK
[14:39] Initialising widgets:
[14:39]   ServerStatus... OK
[14:39]   RecentEvents... OK
[14:39]   CurrentAttacks... OK
[14:39]   TownStatus... OK
[14:39]   GameMap... OK
[14:39]   FactoryStatus... OK
[14:39]   OrderOfBattle... OK
[14:39]   BrigadeStatus... OK
[14:39]   Equipment... OK
[14:39] Restoring widget state... OK
[14:39] BEGM initialisation successful
[14:40] test Attribute 'hcmovereq.xml:id' value '974' is invalid (817 additional errors)
[14:40]   test Attribute 'hcmovereq.xml:id' value '974' is invalid (817 additional errors)
[14:40] Xiperware.WiretapAPI.InvalidAttributeException: Attribute 'hcmovereq.xml:id' value '974' is invalid
   at Xiperware.WiretapAPI.PostParseEventArgs.CheckAttribute[TKey,TValue](String attr, TKey key, IDictionary`2 dictionary) in E:\BEGameMonitor\Xiperware.WiretapAPI\XmlFile.cs:line 732
   at Xiperware.WiretapAPI.Wiretap.PollXmlFile_HCMoveReq_PostParse(Object sender, PostParseEventArgs e) in E:\BEGameMonitor\Xiperware.WiretapAPI\Wiretap.cs:line 2770
[14:40] Received 1 ao change, 132 hcunit moves
[14:42] Changing to 100% scale map